<?xml version="1.0" encoding="UTF-8"?>
<!-- Generated by org.testng.reporters.JUnitReportReporter -->
<testsuite hostname="Lenovo-PC" name="getRequest.GetData" tests="1" failures="0" timestamp="15 Jun 2020 16:56:37 GMT" time="3.069" errors="0">
  <testcase name="getResposeData" time="3.069" classname="getRequest.GetData"/>
</testsuite> <!-- getRequest.GetData -->
